<?xml version="1.0" encoding="UTF-8"?>
<testsuite xmlns:xsi="http://www.w3.org/2001/XMLSchema-instance" xsi:noNamespaceSchemaLocation="https://maven.apache.org/surefire/maven-surefire-plugin/xsd/surefire-test-report.xsd" name="MyTest" time="0.1" tests="10" errors="0" skipped="0" failures="0">
  <properties>
[...]
</properties>
  <testcase name="testClient1" classname="MyTest" time="0.032"/>
  <testcase name="testClient2" classname="MyTest" time="0.001"/>
  <testcase name="testClient3" classname="MyTest" time="0.003"/>
  <testcase name="testClient4" classname="MyTest" time="0.002"/>
  <testcase name="testClient5" classname="MyTest" time="0.002"/>
  <testcase name="testClient6" classname="MyTest" time="0.001"/>
  <testcase name="testClient7" classname="MyTest" time="0.001"/>
  <testcase name="testClient8" classname="MyTest" time="0.001"/>
  <testcase name="testClient9" classname="MyTest" time="0"/>
  <testcase name="testClient10" classname="MyTest" time="0.001"/>
</testsuite>